Wed, 24 Aug 2016 03:19:23 kw_server.py[line:164] INFO Starting kw server...
Wed, 24 Aug 2016 03:21:57 kw_server.py[line:130] INFO zh
Wed, 24 Aug 2016 03:22:45 kw_server.py[line:130] INFO zh
Wed, 24 Aug 2016 03:24:55 kw_server.py[line:130] INFO zh
Wed, 24 Aug 2016 03:35:10 kw_server.py[line:130] INFO zh
Wed, 24 Aug 2016 03:38:18 kw_server.py[line:164] INFO Starting kw server...
Wed, 24 Aug 2016 03:46:18 kw_server.py[line:164] INFO Starting kw server...
Wed, 24 Aug 2016 03:47:30 kw_server.py[line:165] INFO Starting kw server...
Wed, 24 Aug 2016 03:50:54 kw_server.py[line:165] INFO Starting kw server...
Wed, 24 Aug 2016 06:19:24 kw_server.py[line:131] INFO zh
Wed, 24 Aug 2016 06:31:33 kw_server.py[line:131] INFO zh
Wed, 24 Aug 2016 06:35:27 kw_server.py[line:131] INFO zh
Wed, 24 Aug 2016 06:40:09 kw_server.py[line:131] INFO zh
Wed, 24 Aug 2016 06:42:05 kw_server.py[line:131] INFO zh
Wed, 24 Aug 2016 06:43:41 kw_server.py[line:131] INFO zh
Wed, 24 Aug 2016 06:45:51 kw_server.py[line:131] INFO zh
Wed, 24 Aug 2016 06:47:46 kw_server.py[line:131] INFO zh
Wed, 24 Aug 2016 06:48:36 kw_server.py[line:131] INFO zh
Wed, 24 Aug 2016 06:52:37 kw_server.py[line:131] INFO zh
Wed, 24 Aug 2016 06:53:18 kw_server.py[line:131] INFO zh
Wed, 24 Aug 2016 06:55:07 kw_server.py[line:131] INFO zh
Wed, 24 Aug 2016 07:27:18 kw_server.py[line:164] INFO Starting kw server...
Wed, 24 Aug 2016 07:27:59 kw_server.py[line:130] INFO zh
Wed, 24 Aug 2016 07:28:43 kw_server.py[line:130] INFO zh
Wed, 24 Aug 2016 07:29:18 kw_server.py[line:130] INFO zh
Wed, 24 Aug 2016 07:32:19 kw_server.py[line:164] INFO Starting kw server...
Wed, 24 Aug 2016 07:33:27 kw_server.py[line:130] INFO zh
Wed, 24 Aug 2016 07:33:40 kw_server.py[line:130] INFO zh
Wed, 24 Aug 2016 07:36:27 kw_server.py[line:130] INFO zh
Wed, 24 Aug 2016 07:36:50 kw_server.py[line:130] INFO zh
Wed, 24 Aug 2016 07:36:58 kw_server.py[line:130] INFO en
Wed, 24 Aug 2016 07:37:09 kw_server.py[line:130] INFO ru
Wed, 24 Aug 2016 07:47:20 kw_server.py[line:130] INFO ru
Wed, 24 Aug 2016 07:47:30 kw_server.py[line:130] INFO en
Wed, 24 Aug 2016 07:47:33 kw_server.py[line:130] INFO zh
Wed, 24 Aug 2016 07:47:37 kw_server.py[line:130] INFO el
Wed, 24 Aug 2016 07:47:51 kw_server.py[line:130] INFO en
Wed, 24 Aug 2016 07:48:00 kw_server.py[line:130] INFO ru
Wed, 24 Aug 2016 07:49:38 kw_server.py[line:130] INFO ru
Wed, 24 Aug 2016 07:49:45 kw_server.py[line:130] INFO el
Wed, 24 Aug 2016 07:49:55 kw_server.py[line:130] INFO de
Wed, 24 Aug 2016 07:50:02 kw_server.py[line:130] INFO de
Wed, 24 Aug 2016 07:50:06 kw_server.py[line:130] INFO de
Wed, 24 Aug 2016 07:50:09 kw_server.py[line:130] INFO de
Wed, 24 Aug 2016 07:50:13 kw_server.py[line:130] INFO de
Wed, 24 Aug 2016 07:50:25 kw_server.py[line:130] INFO zh
