Tue, 23 Aug 2016 09:11:21 word2vec_server.py[line:32] INFO load word2vec model start:
Tue, 23 Aug 2016 09:11:21 word2vec.py[line:997] INFO loading projection weights from /opt/bicheng.jin/w2v_models/baidu_b.model
Tue, 23 Aug 2016 09:11:53 word2vec.py[line:1054] INFO loaded (1313972, 200) matrix from /opt/bicheng.jin/w2v_models/baidu_b.model
Tue, 23 Aug 2016 09:11:53 word2vec.py[line:1316] INFO precomputing L2-norms of word weight vectors
Tue, 23 Aug 2016 09:12:11 word2vec_server.py[line:36] INFO load word2vec model complete!
Wed, 24 Aug 2016 06:56:32 word2vec_server.py[line:66] ERROR sucess not in word2vec model
Wed, 24 Aug 2016 07:01:34 word2vec_server.py[line:66] ERROR sucess not in word2vec model
Wed, 24 Aug 2016 07:16:46 word2vec_server.py[line:32] INFO load word2vec model start:
Wed, 24 Aug 2016 07:16:46 word2vec.py[line:997] INFO loading projection weights from /opt/bicheng.jin/w2v_models/el_vec.model
Wed, 24 Aug 2016 07:16:51 word2vec.py[line:1054] INFO loaded (185709, 200) matrix from /opt/bicheng.jin/w2v_models/el_vec.model
Wed, 24 Aug 2016 07:16:51 word2vec.py[line:1316] INFO precomputing L2-norms of word weight vectors
Wed, 24 Aug 2016 07:16:54 word2vec.py[line:997] INFO loading projection weights from /opt/bicheng.jin/w2v_models/fr_vec.model
Wed, 24 Aug 2016 07:17:42 word2vec.py[line:1054] INFO loaded (1570489, 300) matrix from /opt/bicheng.jin/w2v_models/fr_vec.model
Wed, 24 Aug 2016 07:17:42 word2vec.py[line:1316] INFO precomputing L2-norms of word weight vectors
Wed, 24 Aug 2016 07:18:05 word2vec.py[line:997] INFO loading projection weights from /opt/bicheng.jin/w2v_models/en_vec.model
Wed, 24 Aug 2016 07:19:56 word2vec.py[line:1054] INFO loaded (3000000, 300) matrix from /opt/bicheng.jin/w2v_models/en_vec.model
Wed, 24 Aug 2016 07:19:56 word2vec.py[line:1316] INFO precomputing L2-norms of word weight vectors
Wed, 24 Aug 2016 07:20:40 word2vec.py[line:997] INFO loading projection weights from /opt/bicheng.jin/w2v_models/baidu_b.model
Wed, 24 Aug 2016 07:21:22 word2vec.py[line:1054] INFO loaded (1313972, 200) matrix from /opt/bicheng.jin/w2v_models/baidu_b.model
Wed, 24 Aug 2016 07:21:22 word2vec.py[line:1316] INFO precomputing L2-norms of word weight vectors
Wed, 24 Aug 2016 07:21:39 word2vec.py[line:997] INFO loading projection weights from /opt/bicheng.jin/w2v_models/pt_vec.model
Wed, 24 Aug 2016 07:21:49 word2vec.py[line:1054] INFO loaded (356973, 200) matrix from /opt/bicheng.jin/w2v_models/pt_vec.model
Wed, 24 Aug 2016 07:21:49 word2vec.py[line:1316] INFO precomputing L2-norms of word weight vectors
Wed, 24 Aug 2016 07:21:54 word2vec.py[line:997] INFO loading projection weights from /opt/bicheng.jin/w2v_models/ru_vec.model
Wed, 24 Aug 2016 07:22:30 word2vec.py[line:1054] INFO loaded (943383, 200) matrix from /opt/bicheng.jin/w2v_models/ru_vec.model
Wed, 24 Aug 2016 07:22:30 word2vec.py[line:1316] INFO precomputing L2-norms of word weight vectors
Wed, 24 Aug 2016 07:22:43 word2vec.py[line:997] INFO loading projection weights from /opt/bicheng.jin/w2v_models/fi_vec.model
Wed, 24 Aug 2016 07:22:55 word2vec.py[line:1054] INFO loaded (383851, 200) matrix from /opt/bicheng.jin/w2v_models/fi_vec.model
Wed, 24 Aug 2016 07:22:55 word2vec.py[line:1316] INFO precomputing L2-norms of word weight vectors
Wed, 24 Aug 2016 07:23:00 word2vec.py[line:997] INFO loading projection weights from /opt/bicheng.jin/w2v_models/de_vec.model
Wed, 24 Aug 2016 07:23:41 word2vec.py[line:1054] INFO loaded (1206954, 200) matrix from /opt/bicheng.jin/w2v_models/de_vec.model
Wed, 24 Aug 2016 07:23:41 word2vec.py[line:1316] INFO precomputing L2-norms of word weight vectors
Wed, 24 Aug 2016 07:23:56 word2vec.py[line:997] INFO loading projection weights from /opt/bicheng.jin/w2v_models/es_vec.model
Wed, 24 Aug 2016 07:24:31 word2vec.py[line:1054] INFO loaded (1000653, 300) matrix from /opt/bicheng.jin/w2v_models/es_vec.model
Wed, 24 Aug 2016 07:24:31 word2vec.py[line:1316] INFO precomputing L2-norms of word weight vectors
Wed, 24 Aug 2016 07:24:45 word2vec.py[line:997] INFO loading projection weights from /opt/bicheng.jin/w2v_models/da_vec.model
Wed, 24 Aug 2016 07:24:50 word2vec.py[line:1054] INFO loaded (179281, 200) matrix from /opt/bicheng.jin/w2v_models/da_vec.model
Wed, 24 Aug 2016 07:24:50 word2vec.py[line:1316] INFO precomputing L2-norms of word weight vectors
Wed, 24 Aug 2016 07:24:53 word2vec_server.py[line:36] INFO load word2vec model complete!
Wed, 24 Aug 2016 07:36:50 word2vec_server.py[line:68] ERROR u'\u901f\u8981'
Wed, 24 Aug 2016 07:36:50 word2vec_server.py[line:68] ERROR u'10gbps'
Wed, 24 Aug 2016 07:36:50 word2vec_server.py[line:68] ERROR u'60ghz'
Wed, 24 Aug 2016 07:36:50 word2vec_server.py[line:68] ERROR u'\u6768\u8d85\u658c'
Wed, 24 Aug 2016 07:36:50 word2vec_server.py[line:68] ERROR u'\u901f\u8981'
Wed, 24 Aug 2016 07:36:50 word2vec_server.py[line:68] ERROR u'10gbps'
Wed, 24 Aug 2016 07:36:50 word2vec_server.py[line:68] ERROR u'60ghz'
Wed, 24 Aug 2016 07:36:50 word2vec_server.py[line:68] ERROR u'\u6768\u8d85\u658c'
Wed, 24 Aug 2016 07:36:50 word2vec_server.py[line:68] ERROR u'\u901f\u8981'
Wed, 24 Aug 2016 07:36:50 word2vec_server.py[line:68] ERROR u'10gbps'
Wed, 24 Aug 2016 07:36:50 word2vec_server.py[line:68] ERROR u'60ghz'
Wed, 24 Aug 2016 07:36:50 word2vec_server.py[line:68] ERROR u'\u6768\u8d85\u658c'
Wed, 24 Aug 2016 07:36:50 word2vec_server.py[line:68] ERROR u'\u901f\u8981'
Wed, 24 Aug 2016 07:36:50 word2vec_server.py[line:68] ERROR u'10gbps'
Wed, 24 Aug 2016 07:36:50 word2vec_server.py[line:68] ERROR u'60ghz'
Wed, 24 Aug 2016 07:36:50 word2vec_server.py[line:68] ERROR u'\u6768\u8d85\u658c'
Wed, 24 Aug 2016 07:36:59 word2vec_server.py[line:68] ERROR u'horton'
Wed, 24 Aug 2016 07:36:59 word2vec_server.py[line:68] ERROR u'instagram'
Wed, 24 Aug 2016 07:36:59 word2vec_server.py[line:68] ERROR u'op-ed'
Wed, 24 Aug 2016 07:36:59 word2vec_server.py[line:68] ERROR u'horton'
Wed, 24 Aug 2016 07:36:59 word2vec_server.py[line:68] ERROR u'instagram'
Wed, 24 Aug 2016 07:36:59 word2vec_server.py[line:68] ERROR u'op-ed'
Wed, 24 Aug 2016 07:36:59 word2vec_server.py[line:68] ERROR u'horton'
Wed, 24 Aug 2016 07:36:59 word2vec_server.py[line:68] ERROR u'instagram'
Wed, 24 Aug 2016 07:36:59 word2vec_server.py[line:68] ERROR u'op-ed'
Wed, 24 Aug 2016 07:36:59 word2vec_server.py[line:68] ERROR u'horton'
Wed, 24 Aug 2016 07:36:59 word2vec_server.py[line:68] ERROR u'instagram'
Wed, 24 Aug 2016 07:36:59 word2vec_server.py[line:68] ERROR u'op-ed'
Wed, 24 Aug 2016 07:37:09 word2vec_server.py[line:68] ERROR u'63'
Wed, 24 Aug 2016 07:37:09 word2vec_server.py[line:68] ERROR u'\u0425\u0430\u0431\u0430\u0440\u043e\u0432\u0441\u043a\u043e\u0433\u043e'
Wed, 24 Aug 2016 07:37:09 word2vec_server.py[line:68] ERROR u'2017'
Wed, 24 Aug 2016 07:37:09 word2vec_server.py[line:68] ERROR u'\u0420\u0424'
Wed, 24 Aug 2016 07:37:09 word2vec_server.py[line:68] ERROR u'63'
Wed, 24 Aug 2016 07:37:09 word2vec_server.py[line:68] ERROR u'\u0425\u0430\u0431\u0430\u0440\u043e\u0432\u0441\u043a\u043e\u0433\u043e'
Wed, 24 Aug 2016 07:37:09 word2vec_server.py[line:68] ERROR u'2017'
Wed, 24 Aug 2016 07:37:09 word2vec_server.py[line:68] ERROR u'\u0420\u0424'
Wed, 24 Aug 2016 07:37:09 word2vec_server.py[line:68] ERROR u'63'
Wed, 24 Aug 2016 07:37:09 word2vec_server.py[line:68] ERROR u'\u0425\u0430\u0431\u0430\u0440\u043e\u0432\u0441\u043a\u043e\u0433\u043e'
Wed, 24 Aug 2016 07:37:09 word2vec_server.py[line:68] ERROR u'2017'
Wed, 24 Aug 2016 07:37:09 word2vec_server.py[line:68] ERROR u'\u0420\u0424'
Wed, 24 Aug 2016 07:37:09 word2vec_server.py[line:68] ERROR u'63'
Wed, 24 Aug 2016 07:37:10 word2vec_server.py[line:68] ERROR u'\u0425\u0430\u0431\u0430\u0440\u043e\u0432\u0441\u043a\u043e\u0433\u043e'
Wed, 24 Aug 2016 07:37:10 word2vec_server.py[line:68] ERROR u'2017'
Wed, 24 Aug 2016 07:37:10 word2vec_server.py[line:68] ERROR u'\u0420\u0424'
Wed, 24 Aug 2016 07:47:21 word2vec_server.py[line:68] ERROR u'63'
Wed, 24 Aug 2016 07:47:21 word2vec_server.py[line:68] ERROR u'\u0425\u0430\u0431\u0430\u0440\u043e\u0432\u0441\u043a\u043e\u0433\u043e'
Wed, 24 Aug 2016 07:47:21 word2vec_server.py[line:68] ERROR u'2017'
Wed, 24 Aug 2016 07:47:21 word2vec_server.py[line:68] ERROR u'\u0420\u0424'
Wed, 24 Aug 2016 07:47:21 word2vec_server.py[line:68] ERROR u'63'
Wed, 24 Aug 2016 07:47:21 word2vec_server.py[line:68] ERROR u'\u0425\u0430\u0431\u0430\u0440\u043e\u0432\u0441\u043a\u043e\u0433\u043e'
Wed, 24 Aug 2016 07:47:21 word2vec_server.py[line:68] ERROR u'2017'
Wed, 24 Aug 2016 07:47:21 word2vec_server.py[line:68] ERROR u'\u0420\u0424'
Wed, 24 Aug 2016 07:47:21 word2vec_server.py[line:68] ERROR u'63'
Wed, 24 Aug 2016 07:47:21 word2vec_server.py[line:68] ERROR u'\u0425\u0430\u0431\u0430\u0440\u043e\u0432\u0441\u043a\u043e\u0433\u043e'
Wed, 24 Aug 2016 07:47:21 word2vec_server.py[line:68] ERROR u'2017'
Wed, 24 Aug 2016 07:47:21 word2vec_server.py[line:68] ERROR u'\u0420\u0424'
Wed, 24 Aug 2016 07:47:21 word2vec_server.py[line:68] ERROR u'63'
Wed, 24 Aug 2016 07:47:21 word2vec_server.py[line:68] ERROR u'\u0425\u0430\u0431\u0430\u0440\u043e\u0432\u0441\u043a\u043e\u0433\u043e'
Wed, 24 Aug 2016 07:47:21 word2vec_server.py[line:68] ERROR u'2017'
Wed, 24 Aug 2016 07:47:21 word2vec_server.py[line:68] ERROR u'\u0420\u0424'
Wed, 24 Aug 2016 07:47:21 word2vec_server.py[line:68] ERROR u'63'
Wed, 24 Aug 2016 07:47:21 word2vec_server.py[line:68] ERROR u'\u0425\u0430\u0431\u0430\u0440\u043e\u0432\u0441\u043a\u043e\u0433\u043e'
Wed, 24 Aug 2016 07:47:21 word2vec_server.py[line:68] ERROR u'2017'
Wed, 24 Aug 2016 07:47:21 word2vec_server.py[line:68] ERROR u'\u0420\u0424'
Wed, 24 Aug 2016 07:47:21 word2vec_server.py[line:68] ERROR u'63'
Wed, 24 Aug 2016 07:47:21 word2vec_server.py[line:68] ERROR u'\u0425\u0430\u0431\u0430\u0440\u043e\u0432\u0441\u043a\u043e\u0433\u043e'
Wed, 24 Aug 2016 07:47:21 word2vec_server.py[line:68] ERROR u'2017'
Wed, 24 Aug 2016 07:47:21 word2vec_server.py[line:68] ERROR u'\u0420\u0424'
Wed, 24 Aug 2016 07:47:21 word2vec_server.py[line:68] ERROR u'63'
Wed, 24 Aug 2016 07:47:21 word2vec_server.py[line:68] ERROR u'\u0425\u0430\u0431\u0430\u0440\u043e\u0432\u0441\u043a\u043e\u0433\u043e'
Wed, 24 Aug 2016 07:47:21 word2vec_server.py[line:68] ERROR u'2017'
Wed, 24 Aug 2016 07:47:21 word2vec_server.py[line:68] ERROR u'\u0420\u0424'
Wed, 24 Aug 2016 07:47:21 word2vec_server.py[line:68] ERROR u'63'
Wed, 24 Aug 2016 07:47:21 word2vec_server.py[line:68] ERROR u'\u0425\u0430\u0431\u0430\u0440\u043e\u0432\u0441\u043a\u043e\u0433\u043e'
Wed, 24 Aug 2016 07:47:21 word2vec_server.py[line:68] ERROR u'2017'
Wed, 24 Aug 2016 07:47:21 word2vec_server.py[line:68] ERROR u'\u0420\u0424'
Wed, 24 Aug 2016 07:47:21 word2vec_server.py[line:68] ERROR u'63'
Wed, 24 Aug 2016 07:47:21 word2vec_server.py[line:68] ERROR u'\u0425\u0430\u0431\u0430\u0440\u043e\u0432\u0441\u043a\u043e\u0433\u043e'
Wed, 24 Aug 2016 07:47:21 word2vec_server.py[line:68] ERROR u'2017'
Wed, 24 Aug 2016 07:47:21 word2vec_server.py[line:68] ERROR u'\u0420\u0424'
Wed, 24 Aug 2016 07:47:21 word2vec_server.py[line:68] ERROR u'63'
Wed, 24 Aug 2016 07:47:21 word2vec_server.py[line:68] ERROR u'\u0425\u0430\u0431\u0430\u0440\u043e\u0432\u0441\u043a\u043e\u0433\u043e'
Wed, 24 Aug 2016 07:47:21 word2vec_server.py[line:68] ERROR u'2017'
Wed, 24 Aug 2016 07:47:21 word2vec_server.py[line:68] ERROR u'\u0420\u0424'
Wed, 24 Aug 2016 07:47:21 word2vec_server.py[line:68] ERROR u'63'
Wed, 24 Aug 2016 07:47:21 word2vec_server.py[line:68] ERROR u'\u0425\u0430\u0431\u0430\u0440\u043e\u0432\u0441\u043a\u043e\u0433\u043e'
Wed, 24 Aug 2016 07:47:21 word2vec_server.py[line:68] ERROR u'2017'
Wed, 24 Aug 2016 07:47:21 word2vec_server.py[line:68] ERROR u'\u0420\u0424'
Wed, 24 Aug 2016 07:47:21 word2vec_server.py[line:68] ERROR u'63'
Wed, 24 Aug 2016 07:47:21 word2vec_server.py[line:68] ERROR u'\u0425\u0430\u0431\u0430\u0440\u043e\u0432\u0441\u043a\u043e\u0433\u043e'
Wed, 24 Aug 2016 07:47:21 word2vec_server.py[line:68] ERROR u'2017'
Wed, 24 Aug 2016 07:47:21 word2vec_server.py[line:68] ERROR u'\u0420\u0424'
Wed, 24 Aug 2016 07:47:30 word2vec_server.py[line:68] ERROR u'horton'
Wed, 24 Aug 2016 07:47:30 word2vec_server.py[line:68] ERROR u'instagram'
Wed, 24 Aug 2016 07:47:30 word2vec_server.py[line:68] ERROR u'op-ed'
Wed, 24 Aug 2016 07:47:30 word2vec_server.py[line:68] ERROR u'horton'
Wed, 24 Aug 2016 07:47:30 word2vec_server.py[line:68] ERROR u'instagram'
Wed, 24 Aug 2016 07:47:30 word2vec_server.py[line:68] ERROR u'op-ed'
Wed, 24 Aug 2016 07:47:30 word2vec_server.py[line:68] ERROR u'horton'
Wed, 24 Aug 2016 07:47:30 word2vec_server.py[line:68] ERROR u'instagram'
Wed, 24 Aug 2016 07:47:30 word2vec_server.py[line:68] ERROR u'op-ed'
Wed, 24 Aug 2016 07:47:30 word2vec_server.py[line:68] ERROR u'horton'
Wed, 24 Aug 2016 07:47:30 word2vec_server.py[line:68] ERROR u'instagram'
Wed, 24 Aug 2016 07:47:30 word2vec_server.py[line:68] ERROR u'op-ed'
Wed, 24 Aug 2016 07:47:30 word2vec_server.py[line:68] ERROR u'horton'
Wed, 24 Aug 2016 07:47:30 word2vec_server.py[line:68] ERROR u'instagram'
Wed, 24 Aug 2016 07:47:30 word2vec_server.py[line:68] ERROR u'op-ed'
Wed, 24 Aug 2016 07:47:30 word2vec_server.py[line:68] ERROR u'horton'
Wed, 24 Aug 2016 07:47:30 word2vec_server.py[line:68] ERROR u'instagram'
Wed, 24 Aug 2016 07:47:30 word2vec_server.py[line:68] ERROR u'op-ed'
Wed, 24 Aug 2016 07:47:30 word2vec_server.py[line:68] ERROR u'horton'
Wed, 24 Aug 2016 07:47:30 word2vec_server.py[line:68] ERROR u'instagram'
Wed, 24 Aug 2016 07:47:30 word2vec_server.py[line:68] ERROR u'op-ed'
Wed, 24 Aug 2016 07:47:30 word2vec_server.py[line:68] ERROR u'horton'
Wed, 24 Aug 2016 07:47:30 word2vec_server.py[line:68] ERROR u'instagram'
Wed, 24 Aug 2016 07:47:30 word2vec_server.py[line:68] ERROR u'op-ed'
Wed, 24 Aug 2016 07:47:30 word2vec_server.py[line:68] ERROR u'horton'
Wed, 24 Aug 2016 07:47:31 word2vec_server.py[line:68] ERROR u'instagram'
Wed, 24 Aug 2016 07:47:31 word2vec_server.py[line:68] ERROR u'op-ed'
Wed, 24 Aug 2016 07:47:31 word2vec_server.py[line:68] ERROR u'horton'
Wed, 24 Aug 2016 07:47:31 word2vec_server.py[line:68] ERROR u'instagram'
Wed, 24 Aug 2016 07:47:31 word2vec_server.py[line:68] ERROR u'op-ed'
Wed, 24 Aug 2016 07:47:31 word2vec_server.py[line:68] ERROR u'horton'
Wed, 24 Aug 2016 07:47:31 word2vec_server.py[line:68] ERROR u'instagram'
Wed, 24 Aug 2016 07:47:31 word2vec_server.py[line:68] ERROR u'op-ed'
Wed, 24 Aug 2016 07:47:31 word2vec_server.py[line:68] ERROR u'horton'
Wed, 24 Aug 2016 07:47:31 word2vec_server.py[line:68] ERROR u'instagram'
Wed, 24 Aug 2016 07:47:31 word2vec_server.py[line:68] ERROR u'op-ed'
Wed, 24 Aug 2016 07:47:34 word2vec_server.py[line:68] ERROR u'\u901f\u8981'
Wed, 24 Aug 2016 07:47:34 word2vec_server.py[line:68] ERROR u'10gbps'
Wed, 24 Aug 2016 07:47:34 word2vec_server.py[line:68] ERROR u'60ghz'
Wed, 24 Aug 2016 07:47:34 word2vec_server.py[line:68] ERROR u'\u6768\u8d85\u658c'
Wed, 24 Aug 2016 07:47:34 word2vec_server.py[line:68] ERROR u'\u901f\u8981'
Wed, 24 Aug 2016 07:47:34 word2vec_server.py[line:68] ERROR u'10gbps'
Wed, 24 Aug 2016 07:47:34 word2vec_server.py[line:68] ERROR u'60ghz'
Wed, 24 Aug 2016 07:47:34 word2vec_server.py[line:68] ERROR u'\u6768\u8d85\u658c'
Wed, 24 Aug 2016 07:47:34 word2vec_server.py[line:68] ERROR u'\u901f\u8981'
Wed, 24 Aug 2016 07:47:34 word2vec_server.py[line:68] ERROR u'10gbps'
Wed, 24 Aug 2016 07:47:34 word2vec_server.py[line:68] ERROR u'60ghz'
Wed, 24 Aug 2016 07:47:34 word2vec_server.py[line:68] ERROR u'\u6768\u8d85\u658c'
Wed, 24 Aug 2016 07:47:34 word2vec_server.py[line:68] ERROR u'\u901f\u8981'
Wed, 24 Aug 2016 07:47:34 word2vec_server.py[line:68] ERROR u'10gbps'
Wed, 24 Aug 2016 07:47:34 word2vec_server.py[line:68] ERROR u'60ghz'
Wed, 24 Aug 2016 07:47:34 word2vec_server.py[line:68] ERROR u'\u6768\u8d85\u658c'
Wed, 24 Aug 2016 07:47:34 word2vec_server.py[line:68] ERROR u'\u901f\u8981'
Wed, 24 Aug 2016 07:47:34 word2vec_server.py[line:68] ERROR u'10gbps'
Wed, 24 Aug 2016 07:47:34 word2vec_server.py[line:68] ERROR u'60ghz'
Wed, 24 Aug 2016 07:47:34 word2vec_server.py[line:68] ERROR u'\u6768\u8d85\u658c'
Wed, 24 Aug 2016 07:47:34 word2vec_server.py[line:68] ERROR u'\u901f\u8981'
Wed, 24 Aug 2016 07:47:34 word2vec_server.py[line:68] ERROR u'10gbps'
Wed, 24 Aug 2016 07:47:34 word2vec_server.py[line:68] ERROR u'60ghz'
Wed, 24 Aug 2016 07:47:34 word2vec_server.py[line:68] ERROR u'\u6768\u8d85\u658c'
Wed, 24 Aug 2016 07:47:34 word2vec_server.py[line:68] ERROR u'\u901f\u8981'
Wed, 24 Aug 2016 07:47:34 word2vec_server.py[line:68] ERROR u'10gbps'
Wed, 24 Aug 2016 07:47:34 word2vec_server.py[line:68] ERROR u'60ghz'
Wed, 24 Aug 2016 07:47:34 word2vec_server.py[line:68] ERROR u'\u6768\u8d85\u658c'
Wed, 24 Aug 2016 07:47:34 word2vec_server.py[line:68] ERROR u'\u901f\u8981'
Wed, 24 Aug 2016 07:47:34 word2vec_server.py[line:68] ERROR u'10gbps'
Wed, 24 Aug 2016 07:47:34 word2vec_server.py[line:68] ERROR u'60ghz'
Wed, 24 Aug 2016 07:47:34 word2vec_server.py[line:68] ERROR u'\u6768\u8d85\u658c'
Wed, 24 Aug 2016 07:47:34 word2vec_server.py[line:68] ERROR u'\u901f\u8981'
Wed, 24 Aug 2016 07:47:34 word2vec_server.py[line:68] ERROR u'10gbps'
Wed, 24 Aug 2016 07:47:34 word2vec_server.py[line:68] ERROR u'60ghz'
Wed, 24 Aug 2016 07:47:34 word2vec_server.py[line:68] ERROR u'\u6768\u8d85\u658c'
Wed, 24 Aug 2016 07:47:34 word2vec_server.py[line:68] ERROR u'\u901f\u8981'
Wed, 24 Aug 2016 07:47:34 word2vec_server.py[line:68] ERROR u'10gbps'
Wed, 24 Aug 2016 07:47:34 word2vec_server.py[line:68] ERROR u'60ghz'
Wed, 24 Aug 2016 07:47:34 word2vec_server.py[line:68] ERROR u'\u6768\u8d85\u658c'
Wed, 24 Aug 2016 07:47:34 word2vec_server.py[line:68] ERROR u'\u901f\u8981'
Wed, 24 Aug 2016 07:47:34 word2vec_server.py[line:68] ERROR u'10gbps'
Wed, 24 Aug 2016 07:47:34 word2vec_server.py[line:68] ERROR u'60ghz'
Wed, 24 Aug 2016 07:47:34 word2vec_server.py[line:68] ERROR u'\u6768\u8d85\u658c'
Wed, 24 Aug 2016 07:47:34 word2vec_server.py[line:68] ERROR u'\u901f\u8981'
Wed, 24 Aug 2016 07:47:34 word2vec_server.py[line:68] ERROR u'10gbps'
Wed, 24 Aug 2016 07:47:34 word2vec_server.py[line:68] ERROR u'60ghz'
Wed, 24 Aug 2016 07:47:34 word2vec_server.py[line:68] ERROR u'\u6768\u8d85\u658c'
Wed, 24 Aug 2016 07:47:37 word2vec_server.py[line:68] ERROR u'10'
Wed, 24 Aug 2016 07:47:37 word2vec_server.py[line:68] ERROR u'000'
Wed, 24 Aug 2016 07:47:37 word2vec_server.py[line:68] ERROR u'\u0391\u03b3\u03ce\u03bd\u03b5\u03c2'
Wed, 24 Aug 2016 07:47:37 word2vec_server.py[line:68] ERROR u'10'
Wed, 24 Aug 2016 07:47:37 word2vec_server.py[line:68] ERROR u'000'
Wed, 24 Aug 2016 07:47:37 word2vec_server.py[line:68] ERROR u'\u0391\u03b3\u03ce\u03bd\u03b5\u03c2'
Wed, 24 Aug 2016 07:47:37 word2vec_server.py[line:68] ERROR u'10'
Wed, 24 Aug 2016 07:47:37 word2vec_server.py[line:68] ERROR u'000'
Wed, 24 Aug 2016 07:47:37 word2vec_server.py[line:68] ERROR u'\u0391\u03b3\u03ce\u03bd\u03b5\u03c2'
Wed, 24 Aug 2016 07:47:37 word2vec_server.py[line:68] ERROR u'10'
Wed, 24 Aug 2016 07:47:37 word2vec_server.py[line:68] ERROR u'000'
Wed, 24 Aug 2016 07:47:37 word2vec_server.py[line:68] ERROR u'\u0391\u03b3\u03ce\u03bd\u03b5\u03c2'
Wed, 24 Aug 2016 07:47:37 word2vec_server.py[line:68] ERROR u'10'
Wed, 24 Aug 2016 07:47:37 word2vec_server.py[line:68] ERROR u'000'
Wed, 24 Aug 2016 07:47:37 word2vec_server.py[line:68] ERROR u'\u0391\u03b3\u03ce\u03bd\u03b5\u03c2'
Wed, 24 Aug 2016 07:47:37 word2vec_server.py[line:68] ERROR u'10'
Wed, 24 Aug 2016 07:47:37 word2vec_server.py[line:68] ERROR u'000'
Wed, 24 Aug 2016 07:47:37 word2vec_server.py[line:68] ERROR u'\u0391\u03b3\u03ce\u03bd\u03b5\u03c2'
Wed, 24 Aug 2016 07:47:37 word2vec_server.py[line:68] ERROR u'10'
Wed, 24 Aug 2016 07:47:37 word2vec_server.py[line:68] ERROR u'000'
Wed, 24 Aug 2016 07:47:37 word2vec_server.py[line:68] ERROR u'\u0391\u03b3\u03ce\u03bd\u03b5\u03c2'
Wed, 24 Aug 2016 07:47:37 word2vec_server.py[line:68] ERROR u'10'
Wed, 24 Aug 2016 07:47:37 word2vec_server.py[line:68] ERROR u'000'
Wed, 24 Aug 2016 07:47:37 word2vec_server.py[line:68] ERROR u'\u0391\u03b3\u03ce\u03bd\u03b5\u03c2'
Wed, 24 Aug 2016 07:47:37 word2vec_server.py[line:68] ERROR u'10'
Wed, 24 Aug 2016 07:47:37 word2vec_server.py[line:68] ERROR u'000'
Wed, 24 Aug 2016 07:47:37 word2vec_server.py[line:68] ERROR u'\u0391\u03b3\u03ce\u03bd\u03b5\u03c2'
Wed, 24 Aug 2016 07:47:37 word2vec_server.py[line:68] ERROR u'10'
Wed, 24 Aug 2016 07:47:37 word2vec_server.py[line:68] ERROR u'000'
Wed, 24 Aug 2016 07:47:37 word2vec_server.py[line:68] ERROR u'\u0391\u03b3\u03ce\u03bd\u03b5\u03c2'
Wed, 24 Aug 2016 07:47:37 word2vec_server.py[line:68] ERROR u'10'
Wed, 24 Aug 2016 07:47:37 word2vec_server.py[line:68] ERROR u'000'
Wed, 24 Aug 2016 07:47:37 word2vec_server.py[line:68] ERROR u'\u0391\u03b3\u03ce\u03bd\u03b5\u03c2'
Wed, 24 Aug 2016 07:47:37 word2vec_server.py[line:68] ERROR u'10'
Wed, 24 Aug 2016 07:47:37 word2vec_server.py[line:68] ERROR u'000'
Wed, 24 Aug 2016 07:47:37 word2vec_server.py[line:68] ERROR u'\u0391\u03b3\u03ce\u03bd\u03b5\u03c2'
Wed, 24 Aug 2016 07:47:51 word2vec_server.py[line:68] ERROR u'horton'
Wed, 24 Aug 2016 07:47:51 word2vec_server.py[line:68] ERROR u'instagram'
Wed, 24 Aug 2016 07:47:51 word2vec_server.py[line:68] ERROR u'op-ed'
Wed, 24 Aug 2016 07:47:51 word2vec_server.py[line:68] ERROR u'horton'
Wed, 24 Aug 2016 07:47:51 word2vec_server.py[line:68] ERROR u'instagram'
Wed, 24 Aug 2016 07:47:51 word2vec_server.py[line:68] ERROR u'op-ed'
Wed, 24 Aug 2016 07:47:51 word2vec_server.py[line:68] ERROR u'horton'
Wed, 24 Aug 2016 07:47:51 word2vec_server.py[line:68] ERROR u'instagram'
Wed, 24 Aug 2016 07:47:51 word2vec_server.py[line:68] ERROR u'op-ed'
Wed, 24 Aug 2016 07:47:51 word2vec_server.py[line:68] ERROR u'horton'
Wed, 24 Aug 2016 07:47:51 word2vec_server.py[line:68] ERROR u'instagram'
Wed, 24 Aug 2016 07:47:51 word2vec_server.py[line:68] ERROR u'op-ed'
Wed, 24 Aug 2016 07:47:51 word2vec_server.py[line:68] ERROR u'horton'
Wed, 24 Aug 2016 07:47:51 word2vec_server.py[line:68] ERROR u'instagram'
Wed, 24 Aug 2016 07:47:51 word2vec_server.py[line:68] ERROR u'op-ed'
Wed, 24 Aug 2016 07:47:51 word2vec_server.py[line:68] ERROR u'horton'
Wed, 24 Aug 2016 07:47:51 word2vec_server.py[line:68] ERROR u'instagram'
Wed, 24 Aug 2016 07:47:51 word2vec_server.py[line:68] ERROR u'op-ed'
Wed, 24 Aug 2016 07:47:51 word2vec_server.py[line:68] ERROR u'horton'
Wed, 24 Aug 2016 07:47:51 word2vec_server.py[line:68] ERROR u'instagram'
Wed, 24 Aug 2016 07:47:51 word2vec_server.py[line:68] ERROR u'op-ed'
Wed, 24 Aug 2016 07:47:51 word2vec_server.py[line:68] ERROR u'horton'
Wed, 24 Aug 2016 07:47:51 word2vec_server.py[line:68] ERROR u'instagram'
Wed, 24 Aug 2016 07:47:51 word2vec_server.py[line:68] ERROR u'op-ed'
Wed, 24 Aug 2016 07:47:51 word2vec_server.py[line:68] ERROR u'horton'
Wed, 24 Aug 2016 07:47:51 word2vec_server.py[line:68] ERROR u'instagram'
Wed, 24 Aug 2016 07:47:51 word2vec_server.py[line:68] ERROR u'op-ed'
Wed, 24 Aug 2016 07:47:51 word2vec_server.py[line:68] ERROR u'horton'
Wed, 24 Aug 2016 07:47:52 word2vec_server.py[line:68] ERROR u'instagram'
Wed, 24 Aug 2016 07:47:52 word2vec_server.py[line:68] ERROR u'op-ed'
Wed, 24 Aug 2016 07:47:52 word2vec_server.py[line:68] ERROR u'horton'
Wed, 24 Aug 2016 07:47:52 word2vec_server.py[line:68] ERROR u'instagram'
Wed, 24 Aug 2016 07:47:52 word2vec_server.py[line:68] ERROR u'op-ed'
Wed, 24 Aug 2016 07:47:52 word2vec_server.py[line:68] ERROR u'horton'
Wed, 24 Aug 2016 07:47:52 word2vec_server.py[line:68] ERROR u'instagram'
Wed, 24 Aug 2016 07:47:52 word2vec_server.py[line:68] ERROR u'op-ed'
Wed, 24 Aug 2016 07:48:00 word2vec_server.py[line:68] ERROR u'63'
Wed, 24 Aug 2016 07:48:00 word2vec_server.py[line:68] ERROR u'\u0425\u0430\u0431\u0430\u0440\u043e\u0432\u0441\u043a\u043e\u0433\u043e'
Wed, 24 Aug 2016 07:48:00 word2vec_server.py[line:68] ERROR u'2017'
Wed, 24 Aug 2016 07:48:00 word2vec_server.py[line:68] ERROR u'\u0420\u0424'
Wed, 24 Aug 2016 07:48:00 word2vec_server.py[line:68] ERROR u'63'
Wed, 24 Aug 2016 07:48:00 word2vec_server.py[line:68] ERROR u'\u0425\u0430\u0431\u0430\u0440\u043e\u0432\u0441\u043a\u043e\u0433\u043e'
Wed, 24 Aug 2016 07:48:00 word2vec_server.py[line:68] ERROR u'2017'
Wed, 24 Aug 2016 07:48:00 word2vec_server.py[line:68] ERROR u'\u0420\u0424'
Wed, 24 Aug 2016 07:48:00 word2vec_server.py[line:68] ERROR u'63'
Wed, 24 Aug 2016 07:48:00 word2vec_server.py[line:68] ERROR u'\u0425\u0430\u0431\u0430\u0440\u043e\u0432\u0441\u043a\u043e\u0433\u043e'
Wed, 24 Aug 2016 07:48:00 word2vec_server.py[line:68] ERROR u'2017'
Wed, 24 Aug 2016 07:48:00 word2vec_server.py[line:68] ERROR u'\u0420\u0424'
Wed, 24 Aug 2016 07:48:00 word2vec_server.py[line:68] ERROR u'63'
Wed, 24 Aug 2016 07:48:00 word2vec_server.py[line:68] ERROR u'\u0425\u0430\u0431\u0430\u0440\u043e\u0432\u0441\u043a\u043e\u0433\u043e'
Wed, 24 Aug 2016 07:48:00 word2vec_server.py[line:68] ERROR u'2017'
Wed, 24 Aug 2016 07:48:00 word2vec_server.py[line:68] ERROR u'\u0420\u0424'
Wed, 24 Aug 2016 07:48:00 word2vec_server.py[line:68] ERROR u'63'
Wed, 24 Aug 2016 07:48:00 word2vec_server.py[line:68] ERROR u'\u0425\u0430\u0431\u0430\u0440\u043e\u0432\u0441\u043a\u043e\u0433\u043e'
Wed, 24 Aug 2016 07:48:00 word2vec_server.py[line:68] ERROR u'2017'
Wed, 24 Aug 2016 07:48:00 word2vec_server.py[line:68] ERROR u'\u0420\u0424'
Wed, 24 Aug 2016 07:48:00 word2vec_server.py[line:68] ERROR u'63'
Wed, 24 Aug 2016 07:48:00 word2vec_server.py[line:68] ERROR u'\u0425\u0430\u0431\u0430\u0440\u043e\u0432\u0441\u043a\u043e\u0433\u043e'
Wed, 24 Aug 2016 07:48:00 word2vec_server.py[line:68] ERROR u'2017'
Wed, 24 Aug 2016 07:48:00 word2vec_server.py[line:68] ERROR u'\u0420\u0424'
Wed, 24 Aug 2016 07:48:00 word2vec_server.py[line:68] ERROR u'63'
Wed, 24 Aug 2016 07:48:00 word2vec_server.py[line:68] ERROR u'\u0425\u0430\u0431\u0430\u0440\u043e\u0432\u0441\u043a\u043e\u0433\u043e'
Wed, 24 Aug 2016 07:48:00 word2vec_server.py[line:68] ERROR u'2017'
Wed, 24 Aug 2016 07:48:00 word2vec_server.py[line:68] ERROR u'\u0420\u0424'
Wed, 24 Aug 2016 07:48:00 word2vec_server.py[line:68] ERROR u'63'
Wed, 24 Aug 2016 07:48:00 word2vec_server.py[line:68] ERROR u'\u0425\u0430\u0431\u0430\u0440\u043e\u0432\u0441\u043a\u043e\u0433\u043e'
Wed, 24 Aug 2016 07:48:00 word2vec_server.py[line:68] ERROR u'2017'
Wed, 24 Aug 2016 07:48:00 word2vec_server.py[line:68] ERROR u'\u0420\u0424'
Wed, 24 Aug 2016 07:48:00 word2vec_server.py[line:68] ERROR u'63'
Wed, 24 Aug 2016 07:48:00 word2vec_server.py[line:68] ERROR u'\u0425\u0430\u0431\u0430\u0440\u043e\u0432\u0441\u043a\u043e\u0433\u043e'
Wed, 24 Aug 2016 07:48:00 word2vec_server.py[line:68] ERROR u'2017'
Wed, 24 Aug 2016 07:48:00 word2vec_server.py[line:68] ERROR u'\u0420\u0424'
Wed, 24 Aug 2016 07:48:00 word2vec_server.py[line:68] ERROR u'63'
Wed, 24 Aug 2016 07:48:00 word2vec_server.py[line:68] ERROR u'\u0425\u0430\u0431\u0430\u0440\u043e\u0432\u0441\u043a\u043e\u0433\u043e'
Wed, 24 Aug 2016 07:48:00 word2vec_server.py[line:68] ERROR u'2017'
Wed, 24 Aug 2016 07:48:00 word2vec_server.py[line:68] ERROR u'\u0420\u0424'
Wed, 24 Aug 2016 07:48:00 word2vec_server.py[line:68] ERROR u'63'
Wed, 24 Aug 2016 07:48:00 word2vec_server.py[line:68] ERROR u'\u0425\u0430\u0431\u0430\u0440\u043e\u0432\u0441\u043a\u043e\u0433\u043e'
Wed, 24 Aug 2016 07:48:00 word2vec_server.py[line:68] ERROR u'2017'
Wed, 24 Aug 2016 07:48:00 word2vec_server.py[line:68] ERROR u'\u0420\u0424'
Wed, 24 Aug 2016 07:48:00 word2vec_server.py[line:68] ERROR u'63'
Wed, 24 Aug 2016 07:48:00 word2vec_server.py[line:68] ERROR u'\u0425\u0430\u0431\u0430\u0440\u043e\u0432\u0441\u043a\u043e\u0433\u043e'
Wed, 24 Aug 2016 07:48:00 word2vec_server.py[line:68] ERROR u'2017'
Wed, 24 Aug 2016 07:48:00 word2vec_server.py[line:68] ERROR u'\u0420\u0424'
Wed, 24 Aug 2016 07:49:38 word2vec_server.py[line:68] ERROR u'63'
Wed, 24 Aug 2016 07:49:38 word2vec_server.py[line:68] ERROR u'\u0425\u0430\u0431\u0430\u0440\u043e\u0432\u0441\u043a\u043e\u0433\u043e'
Wed, 24 Aug 2016 07:49:38 word2vec_server.py[line:68] ERROR u'2017'
Wed, 24 Aug 2016 07:49:38 word2vec_server.py[line:68] ERROR u'\u0420\u0424'
Wed, 24 Aug 2016 07:49:39 word2vec_server.py[line:68] ERROR u'63'
Wed, 24 Aug 2016 07:49:39 word2vec_server.py[line:68] ERROR u'\u0425\u0430\u0431\u0430\u0440\u043e\u0432\u0441\u043a\u043e\u0433\u043e'
Wed, 24 Aug 2016 07:49:39 word2vec_server.py[line:68] ERROR u'2017'
Wed, 24 Aug 2016 07:49:39 word2vec_server.py[line:68] ERROR u'\u0420\u0424'
Wed, 24 Aug 2016 07:49:39 word2vec_server.py[line:68] ERROR u'63'
Wed, 24 Aug 2016 07:49:39 word2vec_server.py[line:68] ERROR u'\u0425\u0430\u0431\u0430\u0440\u043e\u0432\u0441\u043a\u043e\u0433\u043e'
Wed, 24 Aug 2016 07:49:39 word2vec_server.py[line:68] ERROR u'2017'
Wed, 24 Aug 2016 07:49:39 word2vec_server.py[line:68] ERROR u'\u0420\u0424'
Wed, 24 Aug 2016 07:49:39 word2vec_server.py[line:68] ERROR u'63'
Wed, 24 Aug 2016 07:49:39 word2vec_server.py[line:68] ERROR u'\u0425\u0430\u0431\u0430\u0440\u043e\u0432\u0441\u043a\u043e\u0433\u043e'
Wed, 24 Aug 2016 07:49:39 word2vec_server.py[line:68] ERROR u'2017'
Wed, 24 Aug 2016 07:49:39 word2vec_server.py[line:68] ERROR u'\u0420\u0424'
Wed, 24 Aug 2016 07:49:39 word2vec_server.py[line:68] ERROR u'63'
Wed, 24 Aug 2016 07:49:39 word2vec_server.py[line:68] ERROR u'\u0425\u0430\u0431\u0430\u0440\u043e\u0432\u0441\u043a\u043e\u0433\u043e'
Wed, 24 Aug 2016 07:49:39 word2vec_server.py[line:68] ERROR u'2017'
Wed, 24 Aug 2016 07:49:39 word2vec_server.py[line:68] ERROR u'\u0420\u0424'
Wed, 24 Aug 2016 07:49:39 word2vec_server.py[line:68] ERROR u'63'
Wed, 24 Aug 2016 07:49:39 word2vec_server.py[line:68] ERROR u'\u0425\u0430\u0431\u0430\u0440\u043e\u0432\u0441\u043a\u043e\u0433\u043e'
Wed, 24 Aug 2016 07:49:39 word2vec_server.py[line:68] ERROR u'2017'
Wed, 24 Aug 2016 07:49:39 word2vec_server.py[line:68] ERROR u'\u0420\u0424'
Wed, 24 Aug 2016 07:49:39 word2vec_server.py[line:68] ERROR u'63'
Wed, 24 Aug 2016 07:49:39 word2vec_server.py[line:68] ERROR u'\u0425\u0430\u0431\u0430\u0440\u043e\u0432\u0441\u043a\u043e\u0433\u043e'
Wed, 24 Aug 2016 07:49:39 word2vec_server.py[line:68] ERROR u'2017'
Wed, 24 Aug 2016 07:49:39 word2vec_server.py[line:68] ERROR u'\u0420\u0424'
Wed, 24 Aug 2016 07:49:39 word2vec_server.py[line:68] ERROR u'63'
Wed, 24 Aug 2016 07:49:39 word2vec_server.py[line:68] ERROR u'\u0425\u0430\u0431\u0430\u0440\u043e\u0432\u0441\u043a\u043e\u0433\u043e'
Wed, 24 Aug 2016 07:49:39 word2vec_server.py[line:68] ERROR u'2017'
Wed, 24 Aug 2016 07:49:39 word2vec_server.py[line:68] ERROR u'\u0420\u0424'
Wed, 24 Aug 2016 07:49:39 word2vec_server.py[line:68] ERROR u'63'
Wed, 24 Aug 2016 07:49:39 word2vec_server.py[line:68] ERROR u'\u0425\u0430\u0431\u0430\u0440\u043e\u0432\u0441\u043a\u043e\u0433\u043e'
Wed, 24 Aug 2016 07:49:39 word2vec_server.py[line:68] ERROR u'2017'
Wed, 24 Aug 2016 07:49:39 word2vec_server.py[line:68] ERROR u'\u0420\u0424'
Wed, 24 Aug 2016 07:49:39 word2vec_server.py[line:68] ERROR u'63'
Wed, 24 Aug 2016 07:49:39 word2vec_server.py[line:68] ERROR u'\u0425\u0430\u0431\u0430\u0440\u043e\u0432\u0441\u043a\u043e\u0433\u043e'
Wed, 24 Aug 2016 07:49:39 word2vec_server.py[line:68] ERROR u'2017'
Wed, 24 Aug 2016 07:49:39 word2vec_server.py[line:68] ERROR u'\u0420\u0424'
Wed, 24 Aug 2016 07:49:39 word2vec_server.py[line:68] ERROR u'63'
Wed, 24 Aug 2016 07:49:39 word2vec_server.py[line:68] ERROR u'\u0425\u0430\u0431\u0430\u0440\u043e\u0432\u0441\u043a\u043e\u0433\u043e'
Wed, 24 Aug 2016 07:49:39 word2vec_server.py[line:68] ERROR u'2017'
Wed, 24 Aug 2016 07:49:39 word2vec_server.py[line:68] ERROR u'\u0420\u0424'
Wed, 24 Aug 2016 07:49:39 word2vec_server.py[line:68] ERROR u'63'
Wed, 24 Aug 2016 07:49:39 word2vec_server.py[line:68] ERROR u'\u0425\u0430\u0431\u0430\u0440\u043e\u0432\u0441\u043a\u043e\u0433\u043e'
Wed, 24 Aug 2016 07:49:39 word2vec_server.py[line:68] ERROR u'2017'
Wed, 24 Aug 2016 07:49:39 word2vec_server.py[line:68] ERROR u'\u0420\u0424'
Wed, 24 Aug 2016 07:49:45 word2vec_server.py[line:68] ERROR u'10'
Wed, 24 Aug 2016 07:49:45 word2vec_server.py[line:68] ERROR u'000'
Wed, 24 Aug 2016 07:49:45 word2vec_server.py[line:68] ERROR u'\u0391\u03b3\u03ce\u03bd\u03b5\u03c2'
Wed, 24 Aug 2016 07:49:45 word2vec_server.py[line:68] ERROR u'10'
Wed, 24 Aug 2016 07:49:45 word2vec_server.py[line:68] ERROR u'000'
Wed, 24 Aug 2016 07:49:45 word2vec_server.py[line:68] ERROR u'\u0391\u03b3\u03ce\u03bd\u03b5\u03c2'
Wed, 24 Aug 2016 07:49:45 word2vec_server.py[line:68] ERROR u'10'
Wed, 24 Aug 2016 07:49:45 word2vec_server.py[line:68] ERROR u'000'
Wed, 24 Aug 2016 07:49:45 word2vec_server.py[line:68] ERROR u'\u0391\u03b3\u03ce\u03bd\u03b5\u03c2'
Wed, 24 Aug 2016 07:49:45 word2vec_server.py[line:68] ERROR u'10'
Wed, 24 Aug 2016 07:49:45 word2vec_server.py[line:68] ERROR u'000'
Wed, 24 Aug 2016 07:49:45 word2vec_server.py[line:68] ERROR u'\u0391\u03b3\u03ce\u03bd\u03b5\u03c2'
Wed, 24 Aug 2016 07:49:45 word2vec_server.py[line:68] ERROR u'10'
Wed, 24 Aug 2016 07:49:45 word2vec_server.py[line:68] ERROR u'000'
Wed, 24 Aug 2016 07:49:45 word2vec_server.py[line:68] ERROR u'\u0391\u03b3\u03ce\u03bd\u03b5\u03c2'
Wed, 24 Aug 2016 07:49:45 word2vec_server.py[line:68] ERROR u'10'
Wed, 24 Aug 2016 07:49:45 word2vec_server.py[line:68] ERROR u'000'
Wed, 24 Aug 2016 07:49:45 word2vec_server.py[line:68] ERROR u'\u0391\u03b3\u03ce\u03bd\u03b5\u03c2'
Wed, 24 Aug 2016 07:49:45 word2vec_server.py[line:68] ERROR u'10'
Wed, 24 Aug 2016 07:49:45 word2vec_server.py[line:68] ERROR u'000'
Wed, 24 Aug 2016 07:49:45 word2vec_server.py[line:68] ERROR u'\u0391\u03b3\u03ce\u03bd\u03b5\u03c2'
Wed, 24 Aug 2016 07:49:45 word2vec_server.py[line:68] ERROR u'10'
Wed, 24 Aug 2016 07:49:45 word2vec_server.py[line:68] ERROR u'000'
Wed, 24 Aug 2016 07:49:45 word2vec_server.py[line:68] ERROR u'\u0391\u03b3\u03ce\u03bd\u03b5\u03c2'
Wed, 24 Aug 2016 07:49:45 word2vec_server.py[line:68] ERROR u'10'
Wed, 24 Aug 2016 07:49:45 word2vec_server.py[line:68] ERROR u'000'
Wed, 24 Aug 2016 07:49:45 word2vec_server.py[line:68] ERROR u'\u0391\u03b3\u03ce\u03bd\u03b5\u03c2'
Wed, 24 Aug 2016 07:49:45 word2vec_server.py[line:68] ERROR u'10'
Wed, 24 Aug 2016 07:49:45 word2vec_server.py[line:68] ERROR u'000'
Wed, 24 Aug 2016 07:49:45 word2vec_server.py[line:68] ERROR u'\u0391\u03b3\u03ce\u03bd\u03b5\u03c2'
Wed, 24 Aug 2016 07:49:45 word2vec_server.py[line:68] ERROR u'10'
Wed, 24 Aug 2016 07:49:45 word2vec_server.py[line:68] ERROR u'000'
Wed, 24 Aug 2016 07:49:45 word2vec_server.py[line:68] ERROR u'\u0391\u03b3\u03ce\u03bd\u03b5\u03c2'
Wed, 24 Aug 2016 07:49:45 word2vec_server.py[line:68] ERROR u'10'
Wed, 24 Aug 2016 07:49:45 word2vec_server.py[line:68] ERROR u'000'
Wed, 24 Aug 2016 07:49:45 word2vec_server.py[line:68] ERROR u'\u0391\u03b3\u03ce\u03bd\u03b5\u03c2'
Wed, 24 Aug 2016 07:49:56 word2vec_server.py[line:68] ERROR u'testosteronspiegel'
Wed, 24 Aug 2016 07:49:56 word2vec_server.py[line:68] ERROR u'800'
Wed, 24 Aug 2016 07:49:56 word2vec_server.py[line:68] ERROR u'geschlechtstests'
Wed, 24 Aug 2016 07:49:56 word2vec_server.py[line:68] ERROR u'nicht bestanden'
Wed, 24 Aug 2016 07:49:56 word2vec_server.py[line:68] ERROR u'testosteronspiegel'
Wed, 24 Aug 2016 07:49:56 word2vec_server.py[line:68] ERROR u'800'
Wed, 24 Aug 2016 07:49:56 word2vec_server.py[line:68] ERROR u'geschlechtstests'
Wed, 24 Aug 2016 07:49:56 word2vec_server.py[line:68] ERROR u'testosteronspiegel'
Wed, 24 Aug 2016 07:49:56 word2vec_server.py[line:68] ERROR u'800'
Wed, 24 Aug 2016 07:49:56 word2vec_server.py[line:68] ERROR u'geschlechtstests'
Wed, 24 Aug 2016 07:49:56 word2vec_server.py[line:68] ERROR u'testosteronspiegel'
Wed, 24 Aug 2016 07:49:56 word2vec_server.py[line:68] ERROR u'800'
Wed, 24 Aug 2016 07:49:56 word2vec_server.py[line:68] ERROR u'geschlechtstests'
Wed, 24 Aug 2016 07:49:56 word2vec_server.py[line:68] ERROR u'schrecken '
Wed, 24 Aug 2016 07:49:56 word2vec_server.py[line:68] ERROR u'testosteronspiegel'
Wed, 24 Aug 2016 07:49:56 word2vec_server.py[line:68] ERROR u'800'
Wed, 24 Aug 2016 07:49:56 word2vec_server.py[line:68] ERROR u'geschlechtstests'
Wed, 24 Aug 2016 07:49:56 word2vec_server.py[line:68] ERROR u'testosteronspiegel'
Wed, 24 Aug 2016 07:49:56 word2vec_server.py[line:68] ERROR u'800'
Wed, 24 Aug 2016 07:49:56 word2vec_server.py[line:68] ERROR u'geschlechtstests'
Wed, 24 Aug 2016 07:49:56 word2vec_server.py[line:68] ERROR u'testosteronspiegel'
Wed, 24 Aug 2016 07:49:56 word2vec_server.py[line:68] ERROR u'800'
Wed, 24 Aug 2016 07:49:56 word2vec_server.py[line:68] ERROR u'geschlechtstests'
Wed, 24 Aug 2016 07:49:56 word2vec_server.py[line:68] ERROR u'testosteronspiegel'
Wed, 24 Aug 2016 07:49:56 word2vec_server.py[line:68] ERROR u'800'
Wed, 24 Aug 2016 07:49:56 word2vec_server.py[line:68] ERROR u'geschlechtstests'
Wed, 24 Aug 2016 07:49:56 word2vec_server.py[line:68] ERROR u'testosteronspiegel'
Wed, 24 Aug 2016 07:49:56 word2vec_server.py[line:68] ERROR u'800'
Wed, 24 Aug 2016 07:49:56 word2vec_server.py[line:68] ERROR u'geschlechtstests'
Wed, 24 Aug 2016 07:49:56 word2vec_server.py[line:68] ERROR u'\xdcberraschung'
Wed, 24 Aug 2016 07:50:02 word2vec_server.py[line:68] ERROR u'nicht bestanden'
Wed, 24 Aug 2016 07:50:02 word2vec_server.py[line:68] ERROR u'schrecken '
Wed, 24 Aug 2016 07:50:02 word2vec_server.py[line:68] ERROR u'\xdcberraschung'
Wed, 24 Aug 2016 07:50:06 word2vec_server.py[line:68] ERROR u'mars-mission'
Wed, 24 Aug 2016 07:50:06 word2vec_server.py[line:68] ERROR u'nicht bestanden'
Wed, 24 Aug 2016 07:50:06 word2vec_server.py[line:68] ERROR u'mars-mission'
Wed, 24 Aug 2016 07:50:06 word2vec_server.py[line:68] ERROR u'mars-mission'
Wed, 24 Aug 2016 07:50:06 word2vec_server.py[line:68] ERROR u'mars-mission'
Wed, 24 Aug 2016 07:50:06 word2vec_server.py[line:68] ERROR u'schrecken '
Wed, 24 Aug 2016 07:50:06 word2vec_server.py[line:68] ERROR u'mars-mission'
Wed, 24 Aug 2016 07:50:06 word2vec_server.py[line:68] ERROR u'mars-mission'
Wed, 24 Aug 2016 07:50:06 word2vec_server.py[line:68] ERROR u'mars-mission'
Wed, 24 Aug 2016 07:50:06 word2vec_server.py[line:68] ERROR u'mars-mission'
Wed, 24 Aug 2016 07:50:06 word2vec_server.py[line:68] ERROR u'mars-mission'
Wed, 24 Aug 2016 07:50:06 word2vec_server.py[line:68] ERROR u'\xdcberraschung'
Wed, 24 Aug 2016 07:50:09 word2vec_server.py[line:68] ERROR u'kurzarbeitergeld'
Wed, 24 Aug 2016 07:50:09 word2vec_server.py[line:68] ERROR u'getriebeteilen'
Wed, 24 Aug 2016 07:50:09 word2vec_server.py[line:68] ERROR u'nicht bestanden'
Wed, 24 Aug 2016 07:50:09 word2vec_server.py[line:68] ERROR u'kurzarbeitergeld'
Wed, 24 Aug 2016 07:50:09 word2vec_server.py[line:68] ERROR u'getriebeteilen'
Wed, 24 Aug 2016 07:50:09 word2vec_server.py[line:68] ERROR u'kurzarbeitergeld'
Wed, 24 Aug 2016 07:50:09 word2vec_server.py[line:68] ERROR u'getriebeteilen'
Wed, 24 Aug 2016 07:50:09 word2vec_server.py[line:68] ERROR u'kurzarbeitergeld'
Wed, 24 Aug 2016 07:50:09 word2vec_server.py[line:68] ERROR u'getriebeteilen'
Wed, 24 Aug 2016 07:50:09 word2vec_server.py[line:68] ERROR u'schrecken '
Wed, 24 Aug 2016 07:50:09 word2vec_server.py[line:68] ERROR u'kurzarbeitergeld'
Wed, 24 Aug 2016 07:50:10 word2vec_server.py[line:68] ERROR u'getriebeteilen'
Wed, 24 Aug 2016 07:50:10 word2vec_server.py[line:68] ERROR u'kurzarbeitergeld'
Wed, 24 Aug 2016 07:50:10 word2vec_server.py[line:68] ERROR u'getriebeteilen'
Wed, 24 Aug 2016 07:50:10 word2vec_server.py[line:68] ERROR u'kurzarbeitergeld'
Wed, 24 Aug 2016 07:50:10 word2vec_server.py[line:68] ERROR u'getriebeteilen'
Wed, 24 Aug 2016 07:50:10 word2vec_server.py[line:68] ERROR u'kurzarbeitergeld'
Wed, 24 Aug 2016 07:50:10 word2vec_server.py[line:68] ERROR u'getriebeteilen'
Wed, 24 Aug 2016 07:50:10 word2vec_server.py[line:68] ERROR u'kurzarbeitergeld'
Wed, 24 Aug 2016 07:50:10 word2vec_server.py[line:68] ERROR u'getriebeteilen'
Wed, 24 Aug 2016 07:50:10 word2vec_server.py[line:68] ERROR u'\xdcberraschung'
Wed, 24 Aug 2016 07:50:13 word2vec_server.py[line:68] ERROR u'nicht bestanden'
Wed, 24 Aug 2016 07:50:13 word2vec_server.py[line:68] ERROR u'schrecken '
Wed, 24 Aug 2016 07:50:14 word2vec_server.py[line:68] ERROR u'\xdcberraschung'
Wed, 24 Aug 2016 07:50:26 word2vec_server.py[line:68] ERROR u'\u901f\u8981'
Wed, 24 Aug 2016 07:50:26 word2vec_server.py[line:68] ERROR u'10gbps'
Wed, 24 Aug 2016 07:50:26 word2vec_server.py[line:68] ERROR u'60ghz'
Wed, 24 Aug 2016 07:50:26 word2vec_server.py[line:68] ERROR u'\u6768\u8d85\u658c'
Wed, 24 Aug 2016 07:50:26 word2vec_server.py[line:68] ERROR u'\u901f\u8981'
Wed, 24 Aug 2016 07:50:26 word2vec_server.py[line:68] ERROR u'10gbps'
Wed, 24 Aug 2016 07:50:26 word2vec_server.py[line:68] ERROR u'60ghz'
Wed, 24 Aug 2016 07:50:26 word2vec_server.py[line:68] ERROR u'\u6768\u8d85\u658c'
Wed, 24 Aug 2016 07:50:26 word2vec_server.py[line:68] ERROR u'\u901f\u8981'
Wed, 24 Aug 2016 07:50:26 word2vec_server.py[line:68] ERROR u'10gbps'
Wed, 24 Aug 2016 07:50:26 word2vec_server.py[line:68] ERROR u'60ghz'
Wed, 24 Aug 2016 07:50:26 word2vec_server.py[line:68] ERROR u'\u6768\u8d85\u658c'
Wed, 24 Aug 2016 07:50:26 word2vec_server.py[line:68] ERROR u'\u901f\u8981'
Wed, 24 Aug 2016 07:50:26 word2vec_server.py[line:68] ERROR u'10gbps'
Wed, 24 Aug 2016 07:50:26 word2vec_server.py[line:68] ERROR u'60ghz'
Wed, 24 Aug 2016 07:50:26 word2vec_server.py[line:68] ERROR u'\u6768\u8d85\u658c'
Wed, 24 Aug 2016 07:50:26 word2vec_server.py[line:68] ERROR u'\u901f\u8981'
Wed, 24 Aug 2016 07:50:26 word2vec_server.py[line:68] ERROR u'10gbps'
Wed, 24 Aug 2016 07:50:26 word2vec_server.py[line:68] ERROR u'60ghz'
Wed, 24 Aug 2016 07:50:26 word2vec_server.py[line:68] ERROR u'\u6768\u8d85\u658c'
Wed, 24 Aug 2016 07:50:26 word2vec_server.py[line:68] ERROR u'\u901f\u8981'
Wed, 24 Aug 2016 07:50:26 word2vec_server.py[line:68] ERROR u'10gbps'
Wed, 24 Aug 2016 07:50:26 word2vec_server.py[line:68] ERROR u'60ghz'
Wed, 24 Aug 2016 07:50:26 word2vec_server.py[line:68] ERROR u'\u6768\u8d85\u658c'
Wed, 24 Aug 2016 07:50:26 word2vec_server.py[line:68] ERROR u'\u901f\u8981'
Wed, 24 Aug 2016 07:50:26 word2vec_server.py[line:68] ERROR u'10gbps'
Wed, 24 Aug 2016 07:50:26 word2vec_server.py[line:68] ERROR u'60ghz'
Wed, 24 Aug 2016 07:50:26 word2vec_server.py[line:68] ERROR u'\u6768\u8d85\u658c'
Wed, 24 Aug 2016 07:50:26 word2vec_server.py[line:68] ERROR u'\u901f\u8981'
Wed, 24 Aug 2016 07:50:26 word2vec_server.py[line:68] ERROR u'10gbps'
Wed, 24 Aug 2016 07:50:26 word2vec_server.py[line:68] ERROR u'60ghz'
Wed, 24 Aug 2016 07:50:26 word2vec_server.py[line:68] ERROR u'\u6768\u8d85\u658c'
Wed, 24 Aug 2016 07:50:26 word2vec_server.py[line:68] ERROR u'\u901f\u8981'
Wed, 24 Aug 2016 07:50:26 word2vec_server.py[line:68] ERROR u'10gbps'
Wed, 24 Aug 2016 07:50:26 word2vec_server.py[line:68] ERROR u'60ghz'
Wed, 24 Aug 2016 07:50:26 word2vec_server.py[line:68] ERROR u'\u6768\u8d85\u658c'
Wed, 24 Aug 2016 07:50:26 word2vec_server.py[line:68] ERROR u'\u901f\u8981'
Wed, 24 Aug 2016 07:50:26 word2vec_server.py[line:68] ERROR u'10gbps'
Wed, 24 Aug 2016 07:50:26 word2vec_server.py[line:68] ERROR u'60ghz'
Wed, 24 Aug 2016 07:50:26 word2vec_server.py[line:68] ERROR u'\u6768\u8d85\u658c'
Wed, 24 Aug 2016 07:50:26 word2vec_server.py[line:68] ERROR u'\u901f\u8981'
Wed, 24 Aug 2016 07:50:26 word2vec_server.py[line:68] ERROR u'10gbps'
Wed, 24 Aug 2016 07:50:26 word2vec_server.py[line:68] ERROR u'60ghz'
Wed, 24 Aug 2016 07:50:26 word2vec_server.py[line:68] ERROR u'\u6768\u8d85\u658c'
Wed, 24 Aug 2016 07:50:26 word2vec_server.py[line:68] ERROR u'\u901f\u8981'
Wed, 24 Aug 2016 07:50:26 word2vec_server.py[line:68] ERROR u'10gbps'
Wed, 24 Aug 2016 07:50:26 word2vec_server.py[line:68] ERROR u'60ghz'
Wed, 24 Aug 2016 07:50:26 word2vec_server.py[line:68] ERROR u'\u6768\u8d85\u658c'
